<?xml version="1.0" encoding="UTF-8"?>
<!-- Generated by org.testng.reporters.JUnitReportReporter -->
<testsuite hostname="ESLLAP-3915" failures="0" tests="7" name="com.Cyclos_Core_Four_RunnerFile.AccInfoRunner" time="144.665" errors="0" timestamp="2023-07-26T13:08:04 IST" skipped="0">
  <testcase classname="com.Cyclos_Core_Four_RunnerFile.AccInfoRunner" name="runScenario" time="24.310"/>
  <system-out/>
  <testcase classname="com.Cyclos_Core_Four_RunnerFile.AccInfoRunner" name="runScenario" time="29.346"/>
  <system-out/>
  <testcase classname="com.Cyclos_Core_Four_RunnerFile.AccInfoRunner" name="runScenario" time="13.056"/>
  <system-out/>
  <testcase classname="com.Cyclos_Core_Four_RunnerFile.AccInfoRunner" name="runScenario" time="24.099"/>
  <system-out/>
  <testcase classname="com.Cyclos_Core_Four_RunnerFile.AccInfoRunner" name="runScenario" time="21.899"/>
  <system-out/>
  <testcase classname="com.Cyclos_Core_Four_RunnerFile.AccInfoRunner" name="runScenario" time="16.299"/>
  <system-out/>
  <testcase classname="com.Cyclos_Core_Four_RunnerFile.AccInfoRunner" name="runScenario" time="15.656"/>
  <system-out/>
</testsuite> <!-- com.Cyclos_Core_Four_RunnerFile.AccInfoRunner -->
